<?xml version="1.0" encoding="UTF-8"?>
<testng-results ignored="0" total="1" passed="1" failed="0" skipped="0">
  <reporter-output>
  </reporter-output>
  <suite started-at="2021-10-25T18:05:43 IST" name="Default suite" finished-at="2021-10-25T18:05:48 IST" duration-ms="4991">
    <groups>
    </groups>
    <test started-at="2021-10-25T18:05:43 IST" name="Default test" finished-at="2021-10-25T18:05:48 IST" duration-ms="4991">
      <class name="Bizgaze.Pre_Requisites">
        <test-method is-config="true" signature="Startup()[pri:0, instance:Bizgaze.Pre_Requisites@6babf3bf]" started-at="2021-10-25T18:05:43 IST" name="Startup" finished-at="2021-10-25T18:05:48 IST" duration-ms="4945" status="PASS">
          <reporter-output>
          </reporter-output>
        </test-method> <!-- Startup -->
        <test-method signature="newem()[pri:0, instance:Bizgaze.Pre_Requisites@6babf3bf]" started-at="2021-10-25T18:05:48 IST" name="newem" finished-at="2021-10-25T18:05:48 IST" duration-ms="7" status="PASS">
          <reporter-output>
          </reporter-output>
        </test-method> <!-- newem -->
      </class> <!-- Bizgaze.Pre_Requisites -->
    </test> <!-- Default test -->
  </suite> <!-- Default suite -->
</testng-results>
